0 info it worked if it ends with ok
1 verbose cli [ '/usr/local/Cellar/node/5.7.0/bin/node',
1 verbose cli   '/usr/local/bin/npm',
1 verbose cli   'install',
1 verbose cli   '–g',
1 verbose cli   'generator-angular@0.9.8' ]
2 info using npm@3.6.0
3 info using node@v5.7.0
4 silly loadCurrentTree Starting
5 silly install loadCurrentTree
6 silly install readLocalPackageData
7 silly fetchPackageMetaData –g
8 silly fetchPackageMetaData generator-angular@0.9.8
9 silly fetchNamedPackageData generator-angular
10 silly mapToRegistry name generator-angular
11 silly mapToRegistry using default registry
12 silly mapToRegistry registry https://registry.npmjs.org/
13 silly mapToRegistry uri https://registry.npmjs.org/generator-angular
14 silly fetchOtherPackageData –g
15 silly cache add args [ '–g', null ]
16 verbose cache add spec –g
17 verbose request uri https://registry.npmjs.org/generator-angular
18 verbose request no auth needed
19 info attempt registry request try #1 at 9:10:28 PM
20 verbose request id fdeaf0122fbda7e9
21 http request GET https://registry.npmjs.org/generator-angular
22 silly cache add parsed spec Result {
22 silly cache add   raw: '–g',
22 silly cache add   scope: null,
22 silly cache add   name: null,
22 silly cache add   rawSpec: '–g',
22 silly cache add   spec: '/Users/ndodakheswa/IdeaProjects/Ecommerce/src/main/java/com/example/ecommerce/–g',
22 silly cache add   type: 'local' }
23 verbose stack TypeError: The header content contains invalid characters
23 verbose stack     at ClientRequest.OutgoingMessage.setHeader (_http_outgoing.js:348:11)
23 verbose stack     at new ClientRequest (_http_client.js:85:14)
23 verbose stack     at Object.exports.request (http.js:31:10)
23 verbose stack     at Object.exports.request (https.js:197:15)
23 verbose stack     at Request.start (/usr/local/lib/node_modules/npm/node_modules/request/request.js:746:30)
23 verbose stack     at Request.end (/usr/local/lib/node_modules/npm/node_modules/request/request.js:1357:10)
23 verbose stack     at end (/usr/local/lib/node_modules/npm/node_modules/request/request.js:574:14)
23 verbose stack     at Immediate._onImmediate (/usr/local/lib/node_modules/npm/node_modules/request/request.js:588:7)
23 verbose stack     at processImmediate [as _immediateCallback] (timers.js:383:17)
24 verbose cwd /Users/ndodakheswa/IdeaProjects/Ecommerce/src/main/java/com/example/ecommerce
25 error Darwin 15.4.0
26 error argv "/usr/local/Cellar/node/5.7.0/bin/node" "/usr/local/bin/npm" "install" "–g" "generator-angular@0.9.8"
27 error node v5.7.0
28 error npm  v3.6.0
29 error The header content contains invalid characters
30 error If you need help, you may report this error at:
30 error     <https://github.com/npm/npm/issues>
31 verbose exit [ 1, true ]
